  Camera.cpp
d:\dev\dxpracticeengine\practiceengine\utilities\dxhelpers.h(106): warning C4244: '=': 'double'에서 'float'(으)로 변환하면서 데이터가 손실될 수 있습니다.
d:\dev\dxpracticeengine\practiceengine\utilities\dxhelpers.h(301): warning C4244: 'return': 'double'에서 'float'(으)로 변환하면서 데이터가 손실될 수 있습니다.
  Graphics.cpp
d:\dev\dxpracticeengine\practiceengine\utilities\dxhelpers.h(106): warning C4244: '=': 'double'에서 'float'(으)로 변환하면서 데이터가 손실될 수 있습니다.
d:\dev\dxpracticeengine\practiceengine\utilities\dxhelpers.h(301): warning C4244: 'return': 'double'에서 'float'(으)로 변환하면서 데이터가 손실될 수 있습니다.
  Window.cpp
d:\dev\dxpracticeengine\practiceengine\utilities\dxhelpers.h(106): warning C4244: '=': 'double'에서 'float'(으)로 변환하면서 데이터가 손실될 수 있습니다.
d:\dev\dxpracticeengine\practiceengine\utilities\dxhelpers.h(301): warning C4244: 'return': 'double'에서 'float'(으)로 변환하면서 데이터가 손실될 수 있습니다.
  Rect.cpp
d:\dev\dxpracticeengine\practiceengine\utilities\dxhelpers.h(106): warning C4244: '=': 'double'에서 'float'(으)로 변환하면서 데이터가 손실될 수 있습니다.
d:\dev\dxpracticeengine\practiceengine\utilities\dxhelpers.h(301): warning C4244: 'return': 'double'에서 'float'(으)로 변환하면서 데이터가 손실될 수 있습니다.
  IndexBuffer.cpp
d:\dev\dxpracticeengine\practiceengine\utilities\dxhelpers.h(106): warning C4244: '=': 'double'에서 'float'(으)로 변환하면서 데이터가 손실될 수 있습니다.
d:\dev\dxpracticeengine\practiceengine\utilities\dxhelpers.h(301): warning C4244: 'return': 'double'에서 'float'(으)로 변환하면서 데이터가 손실될 수 있습니다.
  InputLayout.cpp
d:\dev\dxpracticeengine\practiceengine\utilities\dxhelpers.h(106): warning C4244: '=': 'double'에서 'float'(으)로 변환하면서 데이터가 손실될 수 있습니다.
d:\dev\dxpracticeengine\practiceengine\utilities\dxhelpers.h(301): warning C4244: 'return': 'double'에서 'float'(으)로 변환하면서 데이터가 손실될 수 있습니다.
  VertexBuffer.cpp
d:\dev\dxpracticeengine\practiceengine\utilities\dxhelpers.h(106): warning C4244: '=': 'double'에서 'float'(으)로 변환하면서 데이터가 손실될 수 있습니다.
d:\dev\dxpracticeengine\practiceengine\utilities\dxhelpers.h(301): warning C4244: 'return': 'double'에서 'float'(으)로 변환하면서 데이터가 손실될 수 있습니다.
  IShader.cpp
d:\dev\dxpracticeengine\practiceengine\utilities\dxhelpers.h(106): warning C4244: '=': 'double'에서 'float'(으)로 변환하면서 데이터가 손실될 수 있습니다.
d:\dev\dxpracticeengine\practiceengine\utilities\dxhelpers.h(301): warning C4244: 'return': 'double'에서 'float'(으)로 변환하면서 데이터가 손실될 수 있습니다.
  PixelShader.cpp
d:\dev\dxpracticeengine\practiceengine\utilities\dxhelpers.h(106): warning C4244: '=': 'double'에서 'float'(으)로 변환하면서 데이터가 손실될 수 있습니다.
d:\dev\dxpracticeengine\practiceengine\utilities\dxhelpers.h(301): warning C4244: 'return': 'double'에서 'float'(으)로 변환하면서 데이터가 손실될 수 있습니다.
  VertexShader.cpp
d:\dev\dxpracticeengine\practiceengine\utilities\dxhelpers.h(106): warning C4244: '=': 'double'에서 'float'(으)로 변환하면서 데이터가 손실될 수 있습니다.
d:\dev\dxpracticeengine\practiceengine\utilities\dxhelpers.h(301): warning C4244: 'return': 'double'에서 'float'(으)로 변환하면서 데이터가 손실될 수 있습니다.
  VertexTypes.cpp
d:\dev\dxpracticeengine\practiceengine\utilities\dxhelpers.h(106): warning C4244: '=': 'double'에서 'float'(으)로 변환하면서 데이터가 손실될 수 있습니다.
d:\dev\dxpracticeengine\practiceengine\utilities\dxhelpers.h(301): warning C4244: 'return': 'double'에서 'float'(으)로 변환하면서 데이터가 손실될 수 있습니다.
  Entry.cpp
d:\dev\dxpracticeengine\practiceengine\utilities\dxhelpers.h(106): warning C4244: '=': 'double'에서 'float'(으)로 변환하면서 데이터가 손실될 수 있습니다.
d:\dev\dxpracticeengine\practiceengine\utilities\dxhelpers.h(301): warning C4244: 'return': 'double'에서 'float'(으)로 변환하면서 데이터가 손실될 수 있습니다.
d:\dev\dxpracticeengine\practiceengine\test\entry.cpp(44): warning C4018: '<': signed 또는 unsigned가 일치하지 않습니다.
  RectDemo.cpp
d:\dev\dxpracticeengine\practiceengine\utilities\dxhelpers.h(106): warning C4244: '=': 'double'에서 'float'(으)로 변환하면서 데이터가 손실될 수 있습니다.
d:\dev\dxpracticeengine\practiceengine\utilities\dxhelpers.h(301): warning C4244: 'return': 'double'에서 'float'(으)로 변환하면서 데이터가 손실될 수 있습니다.
  DxHelpers.cpp
d:\dev\dxpracticeengine\practiceengine\utilities\dxhelpers.h(106): warning C4244: '=': 'double'에서 'float'(으)로 변환하면서 데이터가 손실될 수 있습니다.
d:\dev\dxpracticeengine\practiceengine\utilities\dxhelpers.h(301): warning C4244: 'return': 'double'에서 'float'(으)로 변환하면서 데이터가 손실될 수 있습니다.
  Gui.cpp
d:\dev\dxpracticeengine\practiceengine\utilities\dxhelpers.h(106): warning C4244: '=': 'double'에서 'float'(으)로 변환하면서 데이터가 손실될 수 있습니다.
d:\dev\dxpracticeengine\practiceengine\utilities\dxhelpers.h(301): warning C4244: 'return': 'double'에서 'float'(으)로 변환하면서 데이터가 손실될 수 있습니다.
  Keyboard.cpp
d:\dev\dxpracticeengine\practiceengine\utilities\dxhelpers.h(106): warning C4244: '=': 'double'에서 'float'(으)로 변환하면서 데이터가 손실될 수 있습니다.
d:\dev\dxpracticeengine\practiceengine\utilities\dxhelpers.h(301): warning C4244: 'return': 'double'에서 'float'(으)로 변환하면서 데이터가 손실될 수 있습니다.
  Mouse.cpp
d:\dev\dxpracticeengine\practiceengine\utilities\dxhelpers.h(106): warning C4244: '=': 'double'에서 'float'(으)로 변환하면서 데이터가 손실될 수 있습니다.
d:\dev\dxpracticeengine\practiceengine\utilities\dxhelpers.h(301): warning C4244: 'return': 'double'에서 'float'(으)로 변환하면서 데이터가 손실될 수 있습니다.
  Time.cpp
d:\dev\dxpracticeengine\practiceengine\utilities\dxhelpers.h(106): warning C4244: '=': 'double'에서 'float'(으)로 변환하면서 데이터가 손실될 수 있습니다.
d:\dev\dxpracticeengine\practiceengine\utilities\dxhelpers.h(301): warning C4244: 'return': 'double'에서 'float'(으)로 변환하면서 데이터가 손실될 수 있습니다.
  코드를 생성하고 있습니다...
  PracticeEngine.vcxproj -> D:\Dev\DxPracticeEngine\Debug\PracticeEngine.exe
